<?xml version="1.0" encoding="UTF-8"?>
<!-- Generated by org.testng.reporters.JUnitReportReporter -->
<testsuite hostname="LAPTOP-2OB70VFP" failures="0" tests="2" name="testng_Package.Demoit360" time="3.518" errors="0" timestamp="2025-05-09T00:28:50 EDT" skipped="0">
  <testcase classname="testng_Package.Demoit360" name="opendemo" time="2.314"/>
  <testcase classname="testng_Package.Demoit360" name="openlogin" time="1.204"/>
</testsuite> <!-- testng_Package.Demoit360 -->
