<?xml version="1.0" encoding="UTF-8"?>
<!-- Generated by org.testng.reporters.JUnitReportReporter -->
<testsuite hostname="LAPTOP-2OB70VFP" failures="0" tests="3" name="testng_Package.Annotations" time="1.827" errors="0" timestamp="2025-05-02T15:52:34 EDT" skipped="0">
  <testcase classname="testng_Package.Annotations" name="openlogin" time="1.092"/>
  <testcase classname="testng_Package.Annotations" name="dash" time="0.035"/>
  <testcase classname="testng_Package.Annotations" name="opensearch" time="0.700"/>
</testsuite> <!-- testng_Package.Annotations -->
