<?xml version="1.0" encoding="UTF-8"?>
<!-- Generated by org.testng.reporters.JUnitReportReporter -->
<testsuite hostname="LAPTOP-2OB70VFP" failures="0" tests="3" name="testng_Package.Openwebsite" time="12.557" errors="0" timestamp="2025-04-17T23:03:26 EDT" skipped="0">
  <testcase classname="testng_Package.Openwebsite" name="openamazon" time="5.780"/>
  <testcase classname="testng_Package.Openwebsite" name="opentwitter" time="5.193"/>
  <testcase classname="testng_Package.Openwebsite" name="opengoogle" time="1.584"/>
</testsuite> <!-- testng_Package.Openwebsite -->
