<?xml version="1.0" encoding="UTF-8"?>
<!-- Generated by org.testng.reporters.JUnitReportReporter -->
<testsuite hostname="LAPTOP-2OB70VFP" failures="0" tests="2" name="testng_Package.Apple_samsung" time="4.081" errors="0" timestamp="2025-04-18T15:04:22 EDT" skipped="0">
  <testcase classname="testng_Package.Apple_samsung" name="openapple" time="2.243"/>
  <testcase classname="testng_Package.Apple_samsung" name="opensamsung" time="1.838"/>
</testsuite> <!-- testng_Package.Apple_samsung -->
