<?xml version="1.0" encoding="UTF-8"?>
<!-- Generated by org.testng.reporters.JUnitReportReporter -->
<testsuite hostname="LAPTOP-2OB70VFP" failures="0" tests="1" name="testng_Package.Reportclass" time="0.440" errors="0" timestamp="2025-05-09T15:44:56 EDT" skipped="0">
  <testcase classname="testng_Package.Reportclass" name="logintest" time="0.440"/>
</testsuite> <!-- testng_Package.Reportclass -->
